array (
  'mc_gross' => '300.00',
  'protection_eligibility' => 'Eligible',
  'payer_id' => 'G9DHP68K45M84',
  'payment_date' => '05:35:39 Apr 18, 2019 PDT',
  'payment_status' => 'Completed',
  'charset' => 'windows-1252',
  'first_name' => 'Buyer',
  'mc_fee' => '12.00',
  'notify_version' => '3.9',
  'custom' => '51-7-3-2-4',
  'payer_status' => 'unverified',
  'business' => 'business10@demo.com',
  'quantity' => '1',
  'verify_sign' => 'ASYZo7BptxgliCasudch96iWGucZAXai8dpHoZW-4M86fnVL4WUslHfK',
  'payer_email' => 'buyer_11@test.com',
  'txn_id' => '2U5338132P749952K',
  'payment_type' => 'instant',
  'last_name' => 'User',
  'receiver_email' => 'business10@demo.com',
  'payment_fee' => '12.00',
  'shipping_discount' => '0.00',
  'receiver_id' => 'KZJ466HKZU8V2',
  'insurance_amount' => '0.00',
  'txn_type' => 'web_accept',
  'item_name' => '10 Second Server',
  'discount' => '0.00',
  'mc_currency' => 'USD',
  'item_number' => '2',
  'residence_country' => 'CA',
  'test_ipn' => '1',
  'shipping_method' => 'Default',
  'transaction_subject' => '',
  'payment_gross' => '300.00',
  'ipn_track_id' => 'e45898b88239f',
)array (
  'payer_email' => 'buyer_11@test.com',
  'payer_id' => 'G9DHP68K45M84',
  'payer_status' => 'UNVERIFIED',
  'first_name' => 'Buyer',
  'last_name' => 'User',
  'txn_id' => '2U5338132P749952K',
  'mc_currency' => 'USD',
  'mc_fee' => '12.00',
  'mc_gross' => '300.00',
  'protection_eligibility' => 'ELIGIBLE',
  'payment_fee' => '12.00',
  'payment_gross' => '300.00',
  'payment_status' => 'Completed',
  'payment_type' => 'instant',
  'item_name' => '10 Second Server',
  'item_number' => '2',
  'quantity' => '1',
  'txn_type' => 'web_accept',
  'payment_date' => '2019-04-18T12:35:40Z',
  'business' => 'business10@demo.com',
  'receiver_id' => 'KZJ466HKZU8V2',
  'notify_version' => 'UNVERSIONED',
  'custom' => '51-7-3-2-4',
  'verify_sign' => 'AEGQGOc5XyhOtLm301cjvdR3poQVAdhHjlLtyeNImQNe6DSU9JOoNXTI',
)array (
  'mc_gross' => '600.00',
  'protection_eligibility' => 'Eligible',
  'payer_id' => 'G9DHP68K45M84',
  'payment_date' => '05:42:22 Apr 18, 2019 PDT',
  'payment_status' => 'Pending',
  'charset' => 'windows-1252',
  'first_name' => 'Buyer',
  'notify_version' => '3.9',
  'custom' => '51-7-3-2-8',
  'payer_status' => 'unverified',
  'business' => 'buss_11@test.com',
  'quantity' => '1',
  'verify_sign' => 'AZnF9fJU7Uybz8cttqSxuYMWGl6SAoZuYR2DImMeATJsPXuaVr9mImLm',
  'payer_email' => 'buyer_11@test.com',
  'txn_id' => '4J4229322X3725526',
  'payment_type' => 'instant',
  'last_name' => 'User',
  'receiver_email' => 'buss_11@test.com',
  'shipping_discount' => '0.00',
  'receiver_id' => '2FULDJUJT257L',
  'pending_reason' => 'multi_currency',
  'insurance_amount' => '0.00',
  'txn_type' => 'web_accept',
  'item_name' => '10 Second Server',
  'discount' => '0.00',
  'mc_currency' => 'CAD',
  'item_number' => '2',
  'residence_country' => 'CA',
  'test_ipn' => '1',
  'shipping_method' => 'Default',
  'transaction_subject' => '',
  'payment_gross' => '',
  'ipn_track_id' => 'cbfe0a8aef9d',
)array (
  'payer_email' => 'buyer_11@test.com',
  'payer_id' => 'G9DHP68K45M84',
  'payer_status' => 'UNVERIFIED',
  'first_name' => 'Buyer',
  'last_name' => 'User',
  'txn_id' => '4J4229322X3725526',
  'mc_currency' => 'CAD',
  'mc_gross' => '600.00',
  'protection_eligibility' => 'ELIGIBLE',
  'payment_gross' => '600.00',
  'payment_status' => 'Pending',
  'pending_reason' => 'multi_currency',
  'payment_type' => 'instant',
  'item_name' => '10 Second Server',
  'item_number' => '2',
  'quantity' => '1',
  'txn_type' => 'web_accept',
  'payment_date' => '2019-04-18T12:42:22Z',
  'business' => 'buss_11@test.com',
  'receiver_id' => '2FULDJUJT257L',
  'notify_version' => 'UNVERSIONED',
  'custom' => '51-7-3-2-8',
  'verify_sign' => 'Ai.aEt.Xq86SRB4twnG1aJdClAZKAfLdbG.Z1H6O5lCUdDafp0A9fjXW',
)