array (
  'payer_email' => 'buyer_11@test.com',
  'payer_id' => 'G9DHP68K45M84',
  'payer_status' => 'UNVERIFIED',
  'first_name' => 'Buyer',
  'last_name' => 'User',
  'txn_id' => '4P9123714V469741N',
  'mc_currency' => 'CAD',
  'mc_gross' => '75.00',
  'protection_eligibility' => 'ELIGIBLE',
  'payment_gross' => '75.00',
  'payment_status' => 'Pending',
  'pending_reason' => 'multi_currency',
  'payment_type' => 'instant',
  'item_name' => '10 Second Server',
  'item_number' => '2',
  'quantity' => '1',
  'txn_type' => 'web_accept',
  'payment_date' => '2019-04-18T10:41:16Z',
  'business' => 'buss_11@test.com',
  'receiver_id' => '2FULDJUJT257L',
  'notify_version' => 'UNVERSIONED',
  'custom' => '51-7-3-2-1',
  'verify_sign' => 'AxxUedOUhg2mFPwJrOrtWrECrrHwAUYEylzEVNmTMfjhS23xAfyq4gHe',
)array (
  'payer_email' => 'buyer_11@test.com',
  'payer_id' => 'G9DHP68K45M84',
  'payer_status' => 'UNVERIFIED',
  'first_name' => 'Buyer',
  'last_name' => 'User',
  'txn_id' => '4P9123714V469741N',
  'mc_currency' => 'CAD',
  'mc_gross' => '75.00',
  'protection_eligibility' => 'ELIGIBLE',
  'payment_gross' => '75.00',
  'payment_status' => 'Pending',
  'pending_reason' => 'multi_currency',
  'payment_type' => 'instant',
  'item_name' => '10 Second Server',
  'item_number' => '2',
  'quantity' => '1',
  'txn_type' => 'web_accept',
  'payment_date' => '2019-04-18T10:41:16Z',
  'business' => 'buss_11@test.com',
  'receiver_id' => '2FULDJUJT257L',
  'notify_version' => 'UNVERSIONED',
  'custom' => '51-7-3-2-1',
  'verify_sign' => 'AxxUedOUhg2mFPwJrOrtWrECrrHwAUYEylzEVNmTMfjhS23xAfyq4gHe',
)array (
  'payer_email' => 'buyer_11@test.com',
  'payer_id' => 'G9DHP68K45M84',
  'payer_status' => 'UNVERIFIED',
  'first_name' => 'Buyer',
  'last_name' => 'User',
  'txn_id' => '4P9123714V469741N',
  'mc_currency' => 'CAD',
  'mc_gross' => '75.00',
  'protection_eligibility' => 'ELIGIBLE',
  'payment_gross' => '75.00',
  'payment_status' => 'Pending',
  'pending_reason' => 'multi_currency',
  'payment_type' => 'instant',
  'item_name' => '10 Second Server',
  'item_number' => '2',
  'quantity' => '1',
  'txn_type' => 'web_accept',
  'payment_date' => '2019-04-18T10:41:16Z',
  'business' => 'buss_11@test.com',
  'receiver_id' => '2FULDJUJT257L',
  'notify_version' => 'UNVERSIONED',
  'custom' => '51-7-3-2-1',
  'verify_sign' => 'AxxUedOUhg2mFPwJrOrtWrECrrHwAUYEylzEVNmTMfjhS23xAfyq4gHe',
)array (
  'mc_gross' => '150.00',
  'protection_eligibility' => 'Eligible',
  'payer_id' => 'G9DHP68K45M84',
  'payment_date' => '03:33:51 Apr 18, 2019 PDT',
  'payment_status' => 'Pending',
  'charset' => 'windows-1252',
  'first_name' => 'Buyer',
  'notify_version' => '3.9',
  'custom' => '51-7-3-2-2',
  'payer_status' => 'unverified',
  'business' => 'buss_11@test.com',
  'quantity' => '1',
  'verify_sign' => 'Aea3S-zQp8Wqw4vgMOI6c015u53PAjPyQz.DBXKIjeewJedSvOxxas5L',
  'payer_email' => 'buyer_11@test.com',
  'txn_id' => '3K622212VY434012P',
  'payment_type' => 'instant',
  'last_name' => 'User',
  'receiver_email' => 'buss_11@test.com',
  'shipping_discount' => '0.00',
  'receiver_id' => '2FULDJUJT257L',
  'pending_reason' => 'multi_currency',
  'insurance_amount' => '0.00',
  'txn_type' => 'web_accept',
  'item_name' => '10 Second Server',
  'discount' => '0.00',
  'mc_currency' => 'CAD',
  'item_number' => '2',
  'residence_country' => 'CA',
  'test_ipn' => '1',
  'shipping_method' => 'Default',
  'transaction_subject' => '',
  'payment_gross' => '',
  'ipn_track_id' => '5ba5bcfdda3b5',
)array (
  'payer_email' => 'buyer_11@test.com',
  'payer_id' => 'G9DHP68K45M84',
  'payer_status' => 'UNVERIFIED',
  'first_name' => 'Buyer',
  'last_name' => 'User',
  'txn_id' => '4P9123714V469741N',
  'mc_currency' => 'CAD',
  'mc_gross' => '75.00',
  'protection_eligibility' => 'ELIGIBLE',
  'payment_gross' => '75.00',
  'payment_status' => 'Pending',
  'pending_reason' => 'multi_currency',
  'payment_type' => 'instant',
  'item_name' => '10 Second Server',
  'item_number' => '2',
  'quantity' => '1',
  'txn_type' => 'web_accept',
  'payment_date' => '2019-04-18T10:41:16Z',
  'business' => 'buss_11@test.com',
  'receiver_id' => '2FULDJUJT257L',
  'notify_version' => 'UNVERSIONED',
  'custom' => '51-7-3-2-1',
  'verify_sign' => 'AxxUedOUhg2mFPwJrOrtWrECrrHwAUYEylzEVNmTMfjhS23xAfyq4gHe',
)array (
  'payer_email' => 'buyer_11@test.com',
  'payer_id' => 'G9DHP68K45M84',
  'payer_status' => 'UNVERIFIED',
  'first_name' => 'Buyer',
  'last_name' => 'User',
  'txn_id' => '4P9123714V469741N',
  'mc_currency' => 'CAD',
  'mc_gross' => '75.00',
  'protection_eligibility' => 'ELIGIBLE',
  'payment_gross' => '75.00',
  'payment_status' => 'Pending',
  'pending_reason' => 'multi_currency',
  'payment_type' => 'instant',
  'item_name' => '10 Second Server',
  'item_number' => '2',
  'quantity' => '1',
  'txn_type' => 'web_accept',
  'payment_date' => '2019-04-18T10:41:16Z',
  'business' => 'buss_11@test.com',
  'receiver_id' => '2FULDJUJT257L',
  'notify_version' => 'UNVERSIONED',
  'custom' => '51-7-3-2-1',
  'verify_sign' => 'AxxUedOUhg2mFPwJrOrtWrECrrHwAUYEylzEVNmTMfjhS23xAfyq4gHe',
)array (
  'payer_email' => 'buyer_11@test.com',
  'payer_id' => 'G9DHP68K45M84',
  'payer_status' => 'UNVERIFIED',
  'first_name' => 'Buyer',
  'last_name' => 'User',
  'txn_id' => '4P9123714V469741N',
  'mc_currency' => 'CAD',
  'mc_gross' => '75.00',
  'protection_eligibility' => 'ELIGIBLE',
  'payment_gross' => '75.00',
  'payment_status' => 'Pending',
  'pending_reason' => 'multi_currency',
  'payment_type' => 'instant',
  'item_name' => '10 Second Server',
  'item_number' => '2',
  'quantity' => '1',
  'txn_type' => 'web_accept',
  'payment_date' => '2019-04-18T10:41:16Z',
  'business' => 'buss_11@test.com',
  'receiver_id' => '2FULDJUJT257L',
  'notify_version' => 'UNVERSIONED',
  'custom' => '51-7-3-2-1',
  'verify_sign' => 'AxxUedOUhg2mFPwJrOrtWrECrrHwAUYEylzEVNmTMfjhS23xAfyq4gHe',
)array (
  'mc_gross' => '75.00',
  'protection_eligibility' => 'Eligible',
  'payer_id' => 'JEEZAPUE56YQ4',
  'payment_date' => '04:17:36 Apr 18, 2019 PDT',
  'payment_status' => 'Pending',
  'charset' => 'windows-1252',
  'first_name' => 'Buyer',
  'notify_version' => '3.9',
  'custom' => '51-7-3-2-1',
  'payer_status' => 'unverified',
  'business' => 'buss_11@test.com',
  'quantity' => '1',
  'verify_sign' => 'AWu5LXYeGjbN4MnftcnMN965XXlkAp51kuLrc7hTJIkQ5qh8OhdzklBL',
  'payer_email' => 'buyer10@demo.com',
  'txn_id' => '4EN55459U6794150E',
  'payment_type' => 'instant',
  'last_name' => 'User',
  'receiver_email' => 'buss_11@test.com',
  'shipping_discount' => '0.00',
  'receiver_id' => '2FULDJUJT257L',
  'pending_reason' => 'multi_currency',
  'insurance_amount' => '0.00',
  'txn_type' => 'web_accept',
  'item_name' => '10 Second Server',
  'discount' => '0.00',
  'mc_currency' => 'CAD',
  'item_number' => '2',
  'residence_country' => 'US',
  'test_ipn' => '1',
  'shipping_method' => 'Default',
  'transaction_subject' => '',
  'payment_gross' => '',
  'ipn_track_id' => '1223927125e6',
)array (
  'payer_email' => 'buyer10@demo.com',
  'payer_id' => 'JEEZAPUE56YQ4',
  'payer_status' => 'UNVERIFIED',
  'first_name' => 'Buyer',
  'last_name' => 'User',
  'txn_id' => '4EN55459U6794150E',
  'mc_currency' => 'CAD',
  'mc_gross' => '75.00',
  'protection_eligibility' => 'ELIGIBLE',
  'payment_gross' => '75.00',
  'payment_status' => 'Pending',
  'pending_reason' => 'multi_currency',
  'payment_type' => 'instant',
  'item_name' => '10 Second Server',
  'item_number' => '2',
  'quantity' => '1',
  'txn_type' => 'web_accept',
  'payment_date' => '2019-04-18T11:17:37Z',
  'business' => 'buss_11@test.com',
  'receiver_id' => '2FULDJUJT257L',
  'notify_version' => 'UNVERSIONED',
  'custom' => '51-7-3-2-1',
  'verify_sign' => 'ApiaOLepQchGej8ZFonIwdbW6QJPAW-kEQMWODpHapazygnmUewHtOft',
)array (
  'mc_gross' => '75.00',
  'protection_eligibility' => 'Eligible',
  'payer_id' => 'JEEZAPUE56YQ4',
  'payment_date' => '04:17:36 Apr 18, 2019 PDT',
  'payment_status' => 'Pending',
  'charset' => 'windows-1252',
  'first_name' => 'Buyer',
  'notify_version' => '3.9',
  'custom' => '51-7-3-2-1',
  'payer_status' => 'unverified',
  'business' => 'buss_11@test.com',
  'quantity' => '1',
  'verify_sign' => 'AWu5LXYeGjbN4MnftcnMN965XXlkAp51kuLrc7hTJIkQ5qh8OhdzklBL',
  'payer_email' => 'buyer10@demo.com',
  'txn_id' => '4EN55459U6794150E',
  'payment_type' => 'instant',
  'last_name' => 'User',
  'receiver_email' => 'buss_11@test.com',
  'shipping_discount' => '0.00',
  'receiver_id' => '2FULDJUJT257L',
  'pending_reason' => 'multi_currency',
  'insurance_amount' => '0.00',
  'txn_type' => 'web_accept',
  'item_name' => '10 Second Server',
  'discount' => '0.00',
  'mc_currency' => 'CAD',
  'item_number' => '2',
  'residence_country' => 'US',
  'test_ipn' => '1',
  'shipping_method' => 'Default',
  'transaction_subject' => '',
  'payment_gross' => '',
  'ipn_track_id' => '1223927125e6',
)array (
  'mc_gross' => '75.00',
  'protection_eligibility' => 'Eligible',
  'payer_id' => 'JEEZAPUE56YQ4',
  'payment_date' => '04:17:36 Apr 18, 2019 PDT',
  'payment_status' => 'Pending',
  'charset' => 'windows-1252',
  'first_name' => 'Buyer',
  'notify_version' => '3.9',
  'custom' => '51-7-3-2-1',
  'payer_status' => 'unverified',
  'business' => 'buss_11@test.com',
  'quantity' => '1',
  'verify_sign' => 'AWu5LXYeGjbN4MnftcnMN965XXlkAp51kuLrc7hTJIkQ5qh8OhdzklBL',
  'payer_email' => 'buyer10@demo.com',
  'txn_id' => '4EN55459U6794150E',
  'payment_type' => 'instant',
  'last_name' => 'User',
  'receiver_email' => 'buss_11@test.com',
  'shipping_discount' => '0.00',
  'receiver_id' => '2FULDJUJT257L',
  'pending_reason' => 'multi_currency',
  'insurance_amount' => '0.00',
  'txn_type' => 'web_accept',
  'item_name' => '10 Second Server',
  'discount' => '0.00',
  'mc_currency' => 'CAD',
  'item_number' => '2',
  'residence_country' => 'US',
  'test_ipn' => '1',
  'shipping_method' => 'Default',
  'transaction_subject' => '',
  'payment_gross' => '',
  'ipn_track_id' => '1223927125e6',
)array (
  'mc_gross' => '75.00',
  'protection_eligibility' => 'Eligible',
  'payer_id' => 'JEEZAPUE56YQ4',
  'payment_date' => '04:17:36 Apr 18, 2019 PDT',
  'payment_status' => 'Pending',
  'charset' => 'windows-1252',
  'first_name' => 'Buyer',
  'notify_version' => '3.9',
  'custom' => '51-7-3-2-1',
  'payer_status' => 'unverified',
  'business' => 'buss_11@test.com',
  'quantity' => '1',
  'verify_sign' => 'AWu5LXYeGjbN4MnftcnMN965XXlkAp51kuLrc7hTJIkQ5qh8OhdzklBL',
  'payer_email' => 'buyer10@demo.com',
  'txn_id' => '4EN55459U6794150E',
  'payment_type' => 'instant',
  'last_name' => 'User',
  'receiver_email' => 'buss_11@test.com',
  'shipping_discount' => '0.00',
  'receiver_id' => '2FULDJUJT257L',
  'pending_reason' => 'multi_currency',
  'insurance_amount' => '0.00',
  'txn_type' => 'web_accept',
  'item_name' => '10 Second Server',
  'discount' => '0.00',
  'mc_currency' => 'CAD',
  'item_number' => '2',
  'residence_country' => 'US',
  'test_ipn' => '1',
  'shipping_method' => 'Default',
  'transaction_subject' => '',
  'payment_gross' => '',
  'ipn_track_id' => '1223927125e6',
)array (
  'payer_email' => 'buyer10@demo.com',
  'payer_id' => 'JEEZAPUE56YQ4',
  'payer_status' => 'UNVERIFIED',
  'first_name' => 'Buyer',
  'last_name' => 'User',
  'txn_id' => '4EN55459U6794150E',
  'mc_currency' => 'CAD',
  'mc_gross' => '75.00',
  'protection_eligibility' => 'ELIGIBLE',
  'payment_gross' => '75.00',
  'payment_status' => 'Pending',
  'pending_reason' => 'multi_currency',
  'payment_type' => 'instant',
  'item_name' => '10 Second Server',
  'item_number' => '2',
  'quantity' => '1',
  'txn_type' => 'web_accept',
  'payment_date' => '2019-04-18T11:17:37Z',
  'business' => 'buss_11@test.com',
  'receiver_id' => '2FULDJUJT257L',
  'notify_version' => 'UNVERSIONED',
  'custom' => '51-7-3-2-1',
  'verify_sign' => 'ApiaOLepQchGej8ZFonIwdbW6QJPAW-kEQMWODpHapazygnmUewHtOft',
)array (
  'mc_gross' => '75.00',
  'protection_eligibility' => 'Eligible',
  'payer_id' => 'JEEZAPUE56YQ4',
  'payment_date' => '04:17:36 Apr 18, 2019 PDT',
  'payment_status' => 'Pending',
  'charset' => 'windows-1252',
  'first_name' => 'Buyer',
  'notify_version' => '3.9',
  'custom' => '51-7-3-2-1',
  'payer_status' => 'unverified',
  'business' => 'buss_11@test.com',
  'quantity' => '1',
  'verify_sign' => 'AWu5LXYeGjbN4MnftcnMN965XXlkAp51kuLrc7hTJIkQ5qh8OhdzklBL',
  'payer_email' => 'buyer10@demo.com',
  'txn_id' => '4EN55459U6794150E',
  'payment_type' => 'instant',
  'last_name' => 'User',
  'receiver_email' => 'buss_11@test.com',
  'shipping_discount' => '0.00',
  'receiver_id' => '2FULDJUJT257L',
  'pending_reason' => 'multi_currency',
  'insurance_amount' => '0.00',
  'txn_type' => 'web_accept',
  'item_name' => '10 Second Server',
  'discount' => '0.00',
  'mc_currency' => 'CAD',
  'item_number' => '2',
  'residence_country' => 'US',
  'test_ipn' => '1',
  'shipping_method' => 'Default',
  'transaction_subject' => '',
  'payment_gross' => '',
  'ipn_track_id' => '1223927125e6',
)array (
  'payer_email' => 'buyer_11@test.com',
  'payer_id' => 'G9DHP68K45M84',
  'payer_status' => 'UNVERIFIED',
  'first_name' => 'Buyer',
  'last_name' => 'User',
  'txn_id' => '04T33697HH918140M',
  'mc_currency' => 'CAD',
  'mc_gross' => '75.00',
  'protection_eligibility' => 'ELIGIBLE',
  'payment_gross' => '75.00',
  'payment_status' => 'Pending',
  'pending_reason' => 'multi_currency',
  'payment_type' => 'instant',
  'item_name' => '10 Second Server',
  'item_number' => '2',
  'quantity' => '1',
  'txn_type' => 'web_accept',
  'payment_date' => '2019-04-18T11:25:29Z',
  'business' => 'buss_11@test.com',
  'receiver_id' => '2FULDJUJT257L',
  'notify_version' => 'UNVERSIONED',
  'custom' => '51-7-3-2-1',
  'verify_sign' => 'AWrJbdTG6RbI2F.rgpptSGUyKrCOAkxz5Kzt115e6HcIuP4FagujovGz',
)array (
  'mc_gross' => '75.00',
  'protection_eligibility' => 'Eligible',
  'payer_id' => 'G9DHP68K45M84',
  'payment_date' => '04:25:28 Apr 18, 2019 PDT',
  'payment_status' => 'Pending',
  'charset' => 'windows-1252',
  'first_name' => 'Buyer',
  'notify_version' => '3.9',
  'custom' => '51-7-3-2-1',
  'payer_status' => 'unverified',
  'business' => 'buss_11@test.com',
  'quantity' => '1',
  'verify_sign' => 'Ai4qGBvHMY6.1Qfr5VRqWjAV6GXSAiuPvvAqKfc0ATr2f3zZYql9pmMY',
  'payer_email' => 'buyer_11@test.com',
  'txn_id' => '04T33697HH918140M',
  'payment_type' => 'instant',
  'last_name' => 'User',
  'receiver_email' => 'buss_11@test.com',
  'shipping_discount' => '0.00',
  'receiver_id' => '2FULDJUJT257L',
  'pending_reason' => 'multi_currency',
  'insurance_amount' => '0.00',
  'txn_type' => 'web_accept',
  'item_name' => '10 Second Server',
  'discount' => '0.00',
  'mc_currency' => 'CAD',
  'item_number' => '2',
  'residence_country' => 'CA',
  'test_ipn' => '1',
  'shipping_method' => 'Default',
  'transaction_subject' => '',
  'payment_gross' => '',
  'ipn_track_id' => 'e22ae80f91c4e',
)array (
  'payer_email' => 'buyer10@demo.com',
  'payer_id' => 'JEEZAPUE56YQ4',
  'payer_status' => 'UNVERIFIED',
  'first_name' => 'Buyer',
  'last_name' => 'User',
  'txn_id' => '7WA82235A6068020T',
  'mc_currency' => 'CAD',
  'mc_gross' => '75.00',
  'protection_eligibility' => 'ELIGIBLE',
  'payment_gross' => '75.00',
  'payment_status' => 'Pending',
  'pending_reason' => 'multi_currency',
  'payment_type' => 'instant',
  'item_name' => '10 Second Server',
  'item_number' => '2',
  'quantity' => '1',
  'txn_type' => 'web_accept',
  'payment_date' => '2019-04-18T11:26:37Z',
  'business' => 'buss_11@test.com',
  'receiver_id' => '2FULDJUJT257L',
  'notify_version' => 'UNVERSIONED',
  'custom' => '51-7-3-2-1',
  'verify_sign' => 'AgXsP2MAb7ZqE92Q72NeN-mMl2ASAN1Cmoi2BY0qQFUS3-NnQLMHjUTF',
)array (
  'mc_gross' => '75.00',
  'protection_eligibility' => 'Eligible',
  'payer_id' => 'JEEZAPUE56YQ4',
  'payment_date' => '04:26:36 Apr 18, 2019 PDT',
  'payment_status' => 'Pending',
  'charset' => 'windows-1252',
  'first_name' => 'Buyer',
  'notify_version' => '3.9',
  'custom' => '51-7-3-2-1',
  'payer_status' => 'unverified',
  'business' => 'buss_11@test.com',
  'quantity' => '1',
  'verify_sign' => 'ACibgevGdxBDZiqly4m.36EKCxm1AvB2k1q4DFDMiGcMAuKy83ZFvb8U',
  'payer_email' => 'buyer10@demo.com',
  'txn_id' => '7WA82235A6068020T',
  'payment_type' => 'instant',
  'last_name' => 'User',
  'receiver_email' => 'buss_11@test.com',
  'shipping_discount' => '0.00',
  'receiver_id' => '2FULDJUJT257L',
  'pending_reason' => 'multi_currency',
  'insurance_amount' => '0.00',
  'txn_type' => 'web_accept',
  'item_name' => '10 Second Server',
  'discount' => '0.00',
  'mc_currency' => 'CAD',
  'item_number' => '2',
  'residence_country' => 'US',
  'test_ipn' => '1',
  'shipping_method' => 'Default',
  'transaction_subject' => '',
  'payment_gross' => '',
  'ipn_track_id' => '3c14b859992e4',
)array (
  'payer_email' => 'buyer10@demo.com',
  'payer_id' => 'JEEZAPUE56YQ4',
  'payer_status' => 'UNVERIFIED',
  'first_name' => 'Buyer',
  'last_name' => 'User',
  'txn_id' => '249993528T5321918',
  'mc_currency' => 'CAD',
  'mc_gross' => '75.00',
  'protection_eligibility' => 'ELIGIBLE',
  'payment_gross' => '75.00',
  'payment_status' => 'Pending',
  'pending_reason' => 'multi_currency',
  'payment_type' => 'instant',
  'item_name' => '10 Second Server',
  'item_number' => '2',
  'quantity' => '1',
  'txn_type' => 'web_accept',
  'payment_date' => '2019-04-18T11:29:26Z',
  'business' => 'business10@demo.com',
  'receiver_id' => 'KZJ466HKZU8V2',
  'notify_version' => 'UNVERSIONED',
  'custom' => '51-7-3-2-1',
  'verify_sign' => 'Au.22a8vf5PuV8oeLhj2QB5AEKl.AH-XIc4ru-IBC9.0sRmjW.ZygVwW',
)array (
  'mc_gross' => '75.00',
  'protection_eligibility' => 'Eligible',
  'payer_id' => 'JEEZAPUE56YQ4',
  'payment_date' => '04:29:25 Apr 18, 2019 PDT',
  'payment_status' => 'Pending',
  'charset' => 'windows-1252',
  'first_name' => 'Buyer',
  'notify_version' => '3.9',
  'custom' => '51-7-3-2-1',
  'payer_status' => 'unverified',
  'business' => 'business10@demo.com',
  'quantity' => '1',
  'verify_sign' => 'AO2poBy4MdVpK3od9pT9zvRySJOPAhFrsbFRa0zsaFJeE3UvtvWS4g7S',
  'payer_email' => 'buyer10@demo.com',
  'txn_id' => '249993528T5321918',
  'payment_type' => 'instant',
  'last_name' => 'User',
  'receiver_email' => 'business10@demo.com',
  'shipping_discount' => '0.00',
  'receiver_id' => 'KZJ466HKZU8V2',
  'pending_reason' => 'multi_currency',
  'insurance_amount' => '0.00',
  'txn_type' => 'web_accept',
  'item_name' => '10 Second Server',
  'discount' => '0.00',
  'mc_currency' => 'CAD',
  'item_number' => '2',
  'residence_country' => 'US',
  'test_ipn' => '1',
  'shipping_method' => 'Default',
  'transaction_subject' => '',
  'payment_gross' => '',
  'ipn_track_id' => '4ba39fdf63a7b',
)array (
  'payer_email' => 'buyer10@demo.com',
  'payer_id' => 'JEEZAPUE56YQ4',
  'payer_status' => 'UNVERIFIED',
  'first_name' => 'Buyer',
  'last_name' => 'User',
  'txn_id' => '40M423954W295843L',
  'mc_currency' => 'USD',
  'mc_fee' => '2.48',
  'mc_gross' => '75.00',
  'protection_eligibility' => 'ELIGIBLE',
  'payment_fee' => '2.48',
  'payment_gross' => '75.00',
  'payment_status' => 'Completed',
  'payment_type' => 'instant',
  'item_name' => '10 Second Server',
  'item_number' => '2',
  'quantity' => '1',
  'txn_type' => 'web_accept',
  'payment_date' => '2019-04-18T11:31:56Z',
  'business' => 'business10@demo.com',
  'receiver_id' => 'KZJ466HKZU8V2',
  'notify_version' => 'UNVERSIONED',
  'custom' => '51-7-3-2-1',
  'verify_sign' => 'AU8yrwc-zM-s4kyAGaC59G7P-7CRA8jp-bhvQNVOA3Bn802lhxtekjWQ',
)array (
  'mc_gross' => '75.00',
  'protection_eligibility' => 'Eligible',
  'payer_id' => 'JEEZAPUE56YQ4',
  'payment_date' => '04:31:55 Apr 18, 2019 PDT',
  'payment_status' => 'Completed',
  'charset' => 'windows-1252',
  'first_name' => 'Buyer',
  'mc_fee' => '2.48',
  'notify_version' => '3.9',
  'custom' => '51-7-3-2-1',
  'payer_status' => 'unverified',
  'business' => 'business10@demo.com',
  'quantity' => '1',
  'verify_sign' => 'A1lyDcRQjoBQJkIzS7j8Y1rOA3tdAm2E3Iacg1OKhO55Kmyf5p0NpSUr',
  'payer_email' => 'buyer10@demo.com',
  'txn_id' => '40M423954W295843L',
  'payment_type' => 'instant',
  'last_name' => 'User',
  'receiver_email' => 'business10@demo.com',
  'payment_fee' => '2.48',
  'shipping_discount' => '0.00',
  'receiver_id' => 'KZJ466HKZU8V2',
  'insurance_amount' => '0.00',
  'txn_type' => 'web_accept',
  'item_name' => '10 Second Server',
  'discount' => '0.00',
  'mc_currency' => 'USD',
  'item_number' => '2',
  'residence_country' => 'US',
  'test_ipn' => '1',
  'shipping_method' => 'Default',
  'transaction_subject' => '',
  'payment_gross' => '75.00',
  'ipn_track_id' => '4b6ffaf3845a7',
)array (
  'payer_email' => 'buyer10@demo.com',
  'payer_id' => 'JEEZAPUE56YQ4',
  'payer_status' => 'UNVERIFIED',
  'first_name' => 'Buyer',
  'last_name' => 'User',
  'txn_id' => '1KN111606Y658754D',
  'mc_currency' => 'USD',
  'mc_fee' => '11.18',
  'mc_gross' => '375.00',
  'protection_eligibility' => 'ELIGIBLE',
  'payment_fee' => '11.18',
  'payment_gross' => '375.00',
  'payment_status' => 'Completed',
  'payment_type' => 'instant',
  'item_name' => '10 Second Server',
  'item_number' => '2',
  'quantity' => '1',
  'txn_type' => 'web_accept',
  'payment_date' => '2019-04-18T11:36:00Z',
  'business' => 'business10@demo.com',
  'receiver_id' => 'KZJ466HKZU8V2',
  'notify_version' => 'UNVERSIONED',
  'custom' => '51-7-3-2-5',
  'verify_sign' => 'AWWpNQYO8mZi20.K1VNO4aGFWprTApY0UGRiPCopeTmhW0.EIbbQli60',
)array (
  'mc_gross' => '375.00',
  'protection_eligibility' => 'Eligible',
  'payer_id' => 'JEEZAPUE56YQ4',
  'payment_date' => '04:35:59 Apr 18, 2019 PDT',
  'payment_status' => 'Completed',
  'charset' => 'windows-1252',
  'first_name' => 'Buyer',
  'mc_fee' => '11.18',
  'notify_version' => '3.9',
  'custom' => '51-7-3-2-5',
  'payer_status' => 'unverified',
  'business' => 'business10@demo.com',
  'quantity' => '1',
  'verify_sign' => 'As79YvAaR8YE4MdoyzgTw-iAOEH9AqEZArE1n71WnZrGlrGlFGgHxq.v',
  'payer_email' => 'buyer10@demo.com',
  'txn_id' => '1KN111606Y658754D',
  'payment_type' => 'instant',
  'last_name' => 'User',
  'receiver_email' => 'business10@demo.com',
  'payment_fee' => '11.18',
  'shipping_discount' => '0.00',
  'receiver_id' => 'KZJ466HKZU8V2',
  'insurance_amount' => '0.00',
  'txn_type' => 'web_accept',
  'item_name' => '10 Second Server',
  'discount' => '0.00',
  'mc_currency' => 'USD',
  'item_number' => '2',
  'residence_country' => 'US',
  'test_ipn' => '1',
  'shipping_method' => 'Default',
  'transaction_subject' => '',
  'payment_gross' => '375.00',
  'ipn_track_id' => 'b5e5371f3ed1a',
)